2024-10-04 09:57:18 [main] INFO  testCases.TC003_LoginDDT - *****Logged into the Application ***********
2024-10-04 09:57:28 [main] INFO  testCases.TC003_LoginDDT - *****Finished TC003 Login Test case_DDT***********
2024-10-04 09:57:28 [main] INFO  testCases.TC003_LoginDDT - *****TC003_LoginDDT testcase ***********
2024-10-04 09:57:28 [main] INFO  testCases.TC003_LoginDDT - *****Clicked my account link ***********
2024-10-04 09:57:28 [main] INFO  testCases.TC003_LoginDDT - *****Clicked login option ***********
2024-10-04 09:57:29 [main] INFO  testCases.TC003_LoginDDT - *****Logged into the Application ***********
2024-10-04 09:57:30 [main] INFO  testCases.TC003_LoginDDT - *****Finished TC003 Login Test case_DDT***********
2024-10-16 09:36:06 [main] INFO  testCases.TC003_LoginDDT - *****TC003_LoginDDT testcase ***********
2024-10-16 09:36:07 [main] INFO  testCases.TC003_LoginDDT - *****Clicked my account link ***********
2024-10-16 09:36:07 [main] INFO  testCases.TC003_LoginDDT - *****Clicked login option ***********
2024-10-16 09:36:08 [main] INFO  testCases.TC003_LoginDDT - *****Logged into the Application ***********
2024-10-16 09:36:09 [main] INFO  testCases.TC003_LoginDDT - *****Finished TC003 Login Test case_DDT***********
2024-10-16 09:36:09 [main] INFO  testCases.TC003_LoginDDT - *****TC003_LoginDDT testcase ***********
2024-10-16 09:36:09 [main] INFO  testCases.TC003_LoginDDT - *****Clicked my account link ***********
2024-10-16 09:36:09 [main] INFO  testCases.TC003_LoginDDT - *****Clicked login option ***********
2024-10-16 09:36:10 [main] INFO  testCases.TC003_LoginDDT - *****Logged into the Application ***********
2024-10-16 09:36:10 [main] INFO  testCases.TC003_LoginDDT - *****TC003_LoginDDT testcase ***********
2024-10-16 09:36:11 [main] INFO  testCases.TC003_LoginDDT - *****Clicked my account link ***********
2024-10-16 09:36:11 [main] INFO  testCases.TC003_LoginDDT - *****Clicked login option ***********
2024-10-16 09:36:12 [main] INFO  testCases.TC003_LoginDDT - *****Logged into the Application ***********
2024-10-16 09:36:12 [main] INFO  testCases.TC003_LoginDDT - *****TC003_LoginDDT testcase ***********
2024-10-16 09:36:13 [main] INFO  testCases.TC003_LoginDDT - *****Clicked my account link ***********
2024-10-16 09:36:13 [main] INFO  testCases.TC003_LoginDDT - *****Clicked login option ***********
2024-10-16 09:36:14 [main] INFO  testCases.TC003_LoginDDT - *****Logged into the Application ***********
2024-10-16 09:36:24 [main] INFO  testCases.TC003_LoginDDT - *****Finished TC003 Login Test case_DDT***********
2024-10-16 09:36:24 [main] INFO  testCases.TC003_LoginDDT - *****TC003_LoginDDT testcase ***********
2024-10-16 09:36:24 [main] INFO  testCases.TC003_LoginDDT - *****Clicked my account link ***********
2024-10-16 09:36:25 [main] INFO  testCases.TC003_LoginDDT - *****Clicked login option ***********
2024-10-16 09:36:26 [main] INFO  testCases.TC003_LoginDDT - *****Logged into the Application ***********
2024-10-16 09:36:26 [main] INFO  testCases.TC003_LoginDDT - *****Finished TC003 Login Test case_DDT***********
2024-10-16 20:58:30 [main] INFO  testCases.TC003_LoginDDT - *****TC003_LoginDDT testcase ***********
2024-10-16 20:58:30 [main] INFO  testCases.TC003_LoginDDT - *****Clicked my account link ***********
2024-10-16 20:58:30 [main] INFO  testCases.TC003_LoginDDT - *****Clicked login option ***********
2024-10-16 20:58:32 [main] INFO  testCases.TC003_LoginDDT - *****Logged into the Application ***********
2024-10-16 20:58:33 [main] INFO  testCases.TC003_LoginDDT - *****Finished TC003 Login Test case_DDT***********
2024-10-16 20:58:33 [main] INFO  testCases.TC003_LoginDDT - *****TC003_LoginDDT testcase ***********
2024-10-16 20:58:33 [main] INFO  testCases.TC003_LoginDDT - *****Clicked my account link ***********
2024-10-16 20:58:33 [main] INFO  testCases.TC003_LoginDDT - *****Clicked login option ***********
2024-10-16 20:58:34 [main] INFO  testCases.TC003_LoginDDT - *****Logged into the Application ***********
2024-10-16 20:58:35 [main] INFO  testCases.TC003_LoginDDT - *****TC003_LoginDDT testcase ***********
2024-10-16 20:58:35 [main] INFO  testCases.TC003_LoginDDT - *****Clicked my account link ***********
2024-10-16 20:58:36 [main] INFO  testCases.TC003_LoginDDT - *****Clicked login option ***********
2024-10-16 20:58:37 [main] INFO  testCases.TC003_LoginDDT - *****Logged into the Application ***********
2024-10-16 20:58:38 [main] INFO  testCases.TC003_LoginDDT - *****TC003_LoginDDT testcase ***********
2024-10-16 20:58:38 [main] INFO  testCases.TC003_LoginDDT - *****Clicked my account link ***********
2024-10-16 20:58:39 [main] INFO  testCases.TC003_LoginDDT - *****Clicked login option ***********
2024-10-16 20:58:40 [main] INFO  testCases.TC003_LoginDDT - *****Logged into the Application ***********
2024-10-16 20:58:50 [main] INFO  testCases.TC003_LoginDDT - *****Finished TC003 Login Test case_DDT***********
2024-10-16 20:58:50 [main] INFO  testCases.TC003_LoginDDT - *****TC003_LoginDDT testcase ***********
