2024-10-03 21:32:34 [main] INFO  testCases.TC003_LoginDDT - *****TC003_LoginDDT testcase ***********
2024-10-03 21:32:34 [main] INFO  testCases.TC003_LoginDDT - *****Clicked my account link ***********
2024-10-03 21:32:34 [main] INFO  testCases.TC003_LoginDDT - *****Clicked login option ***********
2024-10-03 21:32:35 [main] INFO  testCases.TC003_LoginDDT - *****Logged into the Application ***********
2024-10-03 21:32:45 [main] INFO  testCases.TC003_LoginDDT - *****Finished TC003 Login Test case_DDT***********
2024-10-03 21:32:45 [main] INFO  testCases.TC003_LoginDDT - *****TC003_LoginDDT testcase ***********
2024-10-03 21:32:45 [main] INFO  testCases.TC003_LoginDDT - *****Clicked my account link ***********
2024-10-03 21:32:46 [main] INFO  testCases.TC003_LoginDDT - *****Clicked login option ***********
2024-10-03 21:32:47 [main] INFO  testCases.TC003_LoginDDT - *****Logged into the Application ***********
2024-10-03 21:32:48 [main] INFO  testCases.TC003_LoginDDT - *****Finished TC003 Login Test case_DDT***********
2024-10-03 21:46:05 [main] INFO  testCases.TC003_LoginDDT - *****TC003_LoginDDT testcase ***********
2024-10-03 21:46:05 [main] INFO  testCases.TC003_LoginDDT - *****Clicked my account link ***********
2024-10-03 21:46:05 [main] INFO  testCases.TC003_LoginDDT - *****Clicked login option ***********
2024-10-03 21:46:07 [main] INFO  testCases.TC003_LoginDDT - *****Logged into the Application ***********
2024-10-03 21:46:08 [main] INFO  testCases.TC003_LoginDDT - *****Finished TC003 Login Test case_DDT***********
2024-10-03 21:46:08 [main] INFO  testCases.TC003_LoginDDT - *****TC003_LoginDDT testcase ***********
2024-10-03 21:46:08 [main] INFO  testCases.TC003_LoginDDT - *****Clicked my account link ***********
2024-10-03 21:46:08 [main] INFO  testCases.TC003_LoginDDT - *****Clicked login option ***********
2024-10-03 21:46:10 [main] INFO  testCases.TC003_LoginDDT - *****Logged into the Application ***********
2024-10-03 21:46:11 [main] INFO  testCases.TC003_LoginDDT - *****TC003_LoginDDT testcase ***********
2024-10-03 21:46:11 [main] INFO  testCases.TC003_LoginDDT - *****Clicked my account link ***********
2024-10-03 21:46:11 [main] INFO  testCases.TC003_LoginDDT - *****Clicked login option ***********
2024-10-03 21:46:13 [main] INFO  testCases.TC003_LoginDDT - *****Logged into the Application ***********
2024-10-03 21:46:15 [main] INFO  testCases.TC003_LoginDDT - *****TC003_LoginDDT testcase ***********
2024-10-03 21:46:15 [main] INFO  testCases.TC003_LoginDDT - *****Clicked my account link ***********
2024-10-03 21:46:15 [main] INFO  testCases.TC003_LoginDDT - *****Clicked login option ***********
2024-10-03 21:46:16 [main] INFO  testCases.TC003_LoginDDT - *****Logged into the Application ***********
2024-10-03 21:46:26 [main] INFO  testCases.TC003_LoginDDT - *****Finished TC003 Login Test case_DDT***********
2024-10-03 21:46:26 [main] INFO  testCases.TC003_LoginDDT - *****TC003_LoginDDT testcase ***********
2024-10-03 21:46:27 [main] INFO  testCases.TC003_LoginDDT - *****Clicked my account link ***********
2024-10-03 21:46:27 [main] INFO  testCases.TC003_LoginDDT - *****Clicked login option ***********
2024-10-03 21:46:28 [main] INFO  testCases.TC003_LoginDDT - *****Logged into the Application ***********
2024-10-03 21:46:29 [main] INFO  testCases.TC003_LoginDDT - *****Finished TC003 Login Test case_DDT***********
2024-10-04 09:57:10 [main] INFO  testCases.TC003_LoginDDT - *****TC003_LoginDDT testcase ***********
2024-10-04 09:57:10 [main] INFO  testCases.TC003_LoginDDT - *****Clicked my account link ***********
2024-10-04 09:57:11 [main] INFO  testCases.TC003_LoginDDT - *****Clicked login option ***********
2024-10-04 09:57:12 [main] INFO  testCases.TC003_LoginDDT - *****Logged into the Application ***********
2024-10-04 09:57:12 [main] INFO  testCases.TC003_LoginDDT - *****Finished TC003 Login Test case_DDT***********
2024-10-04 09:57:12 [main] INFO  testCases.TC003_LoginDDT - *****TC003_LoginDDT testcase ***********
2024-10-04 09:57:12 [main] INFO  testCases.TC003_LoginDDT - *****Clicked my account link ***********
2024-10-04 09:57:13 [main] INFO  testCases.TC003_LoginDDT - *****Clicked login option ***********
2024-10-04 09:57:14 [main] INFO  testCases.TC003_LoginDDT - *****Logged into the Application ***********
2024-10-04 09:57:14 [main] INFO  testCases.TC003_LoginDDT - *****TC003_LoginDDT testcase ***********
2024-10-04 09:57:14 [main] INFO  testCases.TC003_LoginDDT - *****Clicked my account link ***********
2024-10-04 09:57:15 [main] INFO  testCases.TC003_LoginDDT - *****Clicked login option ***********
2024-10-04 09:57:16 [main] INFO  testCases.TC003_LoginDDT - *****Logged into the Application ***********
2024-10-04 09:57:16 [main] INFO  testCases.TC003_LoginDDT - *****TC003_LoginDDT testcase ***********
2024-10-04 09:57:16 [main] INFO  testCases.TC003_LoginDDT - *****Clicked my account link ***********
2024-10-04 09:57:17 [main] INFO  testCases.TC003_LoginDDT - *****Clicked login option ***********
