2024-10-28 23:44:26 [main] INFO  testCases.TC001_AccountRegistrationTest - My account button clicked
2024-10-28 23:44:26 [main] INFO  testCases.TC001_AccountRegistrationTest - Registration button button clicked
2024-10-28 23:44:26 [main] INFO  testCases.TC001_AccountRegistrationTest - Providing customer details
2024-10-28 23:44:28 [main] INFO  testCases.TC001_AccountRegistrationTest - ***Validating Confirmation msg
2024-10-28 23:44:28 [main] ERROR testCases.TC001_AccountRegistrationTest - Test is Failed
2024-10-28 23:44:28 [main] INFO  testCases.TC001_AccountRegistrationTest - *****Execution finished******
2024-10-28 23:46:08 [main] INFO  testCases.TC001_AccountRegistrationTest - Execution of TC001_AccountRegistrationTest Started
2024-10-28 23:46:08 [main] INFO  testCases.TC001_AccountRegistrationTest - My account button clicked
2024-10-28 23:46:09 [main] INFO  testCases.TC001_AccountRegistrationTest - Registration button button clicked
2024-10-28 23:46:09 [main] INFO  testCases.TC001_AccountRegistrationTest - Providing customer details
2024-10-28 23:46:10 [main] INFO  testCases.TC001_AccountRegistrationTest - ***Validating Confirmation msg
2024-10-28 23:46:10 [main] ERROR testCases.TC001_AccountRegistrationTest - Test is Failed
2024-10-28 23:46:10 [main] INFO  testCases.TC001_AccountRegistrationTest - *****Execution finished******
2024-10-28 23:50:18 [main] INFO  testCases.TC001_AccountRegistrationTest - Execution of TC001_AccountRegistrationTest Started
2024-10-28 23:50:19 [main] INFO  testCases.TC001_AccountRegistrationTest - My account button clicked
2024-10-28 23:50:19 [main] INFO  testCases.TC001_AccountRegistrationTest - Registration button button clicked
2024-10-28 23:50:19 [main] INFO  testCases.TC001_AccountRegistrationTest - Providing customer details
2024-10-28 23:50:21 [main] INFO  testCases.TC001_AccountRegistrationTest - ***Validating Confirmation msg
2024-10-28 23:50:21 [main] ERROR testCases.TC001_AccountRegistrationTest - Test is Failed
2024-10-28 23:50:21 [main] INFO  testCases.TC001_AccountRegistrationTest - *****Execution finished******
2024-10-29 00:03:51 [main] INFO  testCases.TC001_AccountRegistrationTest - Execution of TC001_AccountRegistrationTest Started
2024-10-29 00:03:51 [main] INFO  testCases.TC001_AccountRegistrationTest - My account button clicked
2024-10-29 00:03:52 [main] INFO  testCases.TC001_AccountRegistrationTest - Registration button button clicked
2024-10-29 00:03:52 [main] INFO  testCases.TC001_AccountRegistrationTest - Providing customer details
2024-10-29 00:03:53 [main] INFO  testCases.TC001_AccountRegistrationTest - ***Validating Confirmation msg
2024-10-29 00:03:54 [main] ERROR testCases.TC001_AccountRegistrationTest - Test is Failed
2024-10-29 00:03:54 [main] INFO  testCases.TC001_AccountRegistrationTest - *****Execution finished******
2024-10-29 00:13:10 [main] INFO  testCases.TC001_AccountRegistrationTest - Execution of TC001_AccountRegistrationTest Started
2024-10-29 00:13:10 [main] INFO  testCases.TC001_AccountRegistrationTest - My account button clicked
2024-10-29 00:13:11 [main] INFO  testCases.TC001_AccountRegistrationTest - Registration button button clicked
2024-10-29 00:13:11 [main] INFO  testCases.TC001_AccountRegistrationTest - Providing customer details
2024-10-29 00:13:13 [main] INFO  testCases.TC001_AccountRegistrationTest - ***Validating Confirmation msg
2024-10-29 00:13:13 [main] ERROR testCases.TC001_AccountRegistrationTest - Test is Failed
2024-10-29 00:13:13 [main] INFO  testCases.TC001_AccountRegistrationTest - *****Execution finished******
2024-10-29 12:44:24 [main] INFO  testCases.TC001_AccountRegistrationTest - Execution of TC001_AccountRegistrationTest Started
2024-10-29 12:44:24 [main] INFO  testCases.TC001_AccountRegistrationTest - My account button clicked
2024-10-29 12:44:25 [main] INFO  testCases.TC001_AccountRegistrationTest - Registration button button clicked
2024-10-29 12:44:25 [main] INFO  testCases.TC001_AccountRegistrationTest - Providing customer details
2024-10-29 12:44:27 [main] INFO  testCases.TC001_AccountRegistrationTest - ***Validating Confirmation msg
2024-10-29 12:44:27 [main] ERROR testCases.TC001_AccountRegistrationTest - Test is Failed
2024-10-29 12:44:27 [main] INFO  testCases.TC001_AccountRegistrationTest - *****Execution finished******
